-------------------------------------------------------------------------------
Test set: com.planittesting.jupitertoys.tests.LoginTests
-------------------------------------------------------------------------------
Tests run: 6, Failures: 1, Errors: 1, Skipped: 0, Time elapsed: 16.812 s <<< FAILURE! - in com.planittesting.jupitertoys.tests.LoginTests
validateUserLogin  Time elapsed: 11.998 s  <<< ERROR!
org.openqa.selenium.ElementNotVisibleException: 
element not visible
  (Session info: headless chrome=73.0.3683.75)
  (Driver info: chromedriver=2.40.565498 (ea082db3280dd6843ebfb08a625e3eb905c4f5ab),platform=Windows NT 10.0.17134 x86_64) (WARNING: The server did not provide any stacktrace information)
Command duration or timeout: 0 milliseconds
Build info: version: '3.141.59', revision: 'e82be7d358', time: '2018-11-14T08:17:03'
System info: host: 'VICMELBLP183', ip: '192.168.56.1', os.name: 'Windows 8.1', os.arch: 'amd64', os.version: '6.3', java.version: '1.8.0_40'
Driver info: org.openqa.selenium.chrome.ChromeDriver
Capabilities {acceptInsecureCerts: false, acceptSslCerts: false, applicationCacheEnabled: false, browserConnectionEnabled: false, browserName: chrome, chrome: {chromedriverVersion: 2.40.565498 (ea082db3280dd6..., userDataDir: C:\Users\UPATTA~1\AppData\L...}, cssSelectorsEnabled: true, databaseEnabled: false, handlesAlerts: true, hasTouchScreen: false, javascriptEnabled: true, locationContextEnabled: true, mobileEmulationEnabled: false, nativeEvents: true, networkConnectionEnabled: false, pageLoadStrategy: normal, platform: XP, platformName: XP, rotatable: false, setWindowRect: true, takesHeapSnapshot: true, takesScreenshot: true, unexpectedAlertBehaviour: , unhandledPromptBehavior: , version: 73.0.3683.75, webStorageEnabled: true}
Session ID: 01187f063d93da5a37f8d6478a108b4e
	at com.planittesting.jupitertoys.tests.LoginTests.validateUserLogin(LoginTests.java:33)

validateProfile  Time elapsed: 0.863 s  <<< FAILURE!
org.opentest4j.AssertionFailedError: expected: <abc> but was: <>
	at com.planittesting.jupitertoys.tests.LoginTests.validateProfile(LoginTests.java:21)

